2025-12-17 23:54:28,703 | INFO | Fetched funding rates for 223 symbols
2025-12-17 23:54:48,241 | INFO | Fetched funding rates for 223 symbols
2025-12-18 00:04:55,061 | INFO | Fetched funding rates for 223 symbols
2025-12-18 00:05:46,702 | INFO | Fetched funding rates for 223 symbols
2025-12-18 00:05:53,267 | ERROR | Failed to parse API response: 0
2025-12-18 00:05:56,960 | ERROR | Failed to parse API response: 0
2025-12-18 00:06:02,144 | ERROR | Failed to parse API response: 1
2025-12-18 00:06:20,855 | INFO | Fetched funding rates for 223 symbols
2025-12-18 11:34:26,559 | INFO | Fetched funding rates for 223 symbols
2025-12-18 11:34:37,808 | INFO | Fetched funding rates for 223 symbols
2025-12-18 11:37:36,820 | INFO | Fetched funding rates for 223 symbols
2025-12-18 11:41:23,652 | INFO | Fetched funding rates for 223 symbols
2025-12-18 11:45:19,161 | ERROR | Failed to parse API response: 'time'
2025-12-18 11:46:59,661 | ERROR | Failed to parse API response: 'time'
2025-12-18 11:48:02,664 | ERROR | Failed to parse API response: 'time'
2025-12-18 11:48:25,839 | ERROR | Failed to parse API response: 'time'
2025-12-18 11:49:00,882 | ERROR | Failed to parse API response: 'time'
2025-12-18 11:49:22,174 | ERROR | Failed to parse API response: 'time'
2025-12-18 12:34:47,881 | ERROR | API request failed: HTTPSConnectionPool(host='api.hyperliquid.xyz', port=443): Read timed out. (read timeout=10)
2025-12-18 15:44:46,779 | ERROR | Failed to parse API response: 'time'
2025-12-18 15:45:58,730 | ERROR | Failed to parse API response: 'time'
2025-12-18 15:46:11,073 | ERROR | Failed to parse API response: 'time'
2025-12-18 15:46:44,914 | ERROR | Failed to parse API response: 'time'
2025-12-18 15:46:59,162 | ERROR | Failed to parse API response: 'time'
2025-12-18 15:47:09,556 | ERROR | Failed to parse API response: 'time'
2025-12-18 15:47:27,589 | ERROR | Failed to parse API response: 'time'
2025-12-18 15:47:41,210 | INFO | Fetched funding rates for 223 symbols
2025-12-18 15:48:14,480 | INFO | Fetched funding rates for 223 symbols
2025-12-18 16:21:42,475 | INFO | Fetched funding rates for 223 symbols
2025-12-18 16:22:04,848 | INFO | Fetched funding rates for 223 symbols
2025-12-18 16:24:28,536 | INFO | Fetched funding rates for 223 symbols
2025-12-18 17:08:28,649 | INFO | Fetched funding rates for 223 symbols
2025-12-18 17:08:47,574 | INFO | Fetched funding rates for 223 symbols
2025-12-18 17:09:16,065 | INFO | Fetched funding rates for 223 symbols
2025-12-18 17:10:51,784 | INFO | Fetched funding rates for 223 symbols
2025-12-18 17:14:16,965 | INFO | Fetched funding rates for 223 symbols
2025-12-19 12:45:29,719 | INFO | Starting ingestion for snapshot_time=2025-12-19T20:00:00+00:00
2025-12-19 12:45:30,481 | INFO | Fetched 223 funding rate records
2025-12-19 12:56:10,913 | INFO | Starting ingestion for snapshot_time=2025-12-19T20:00:00+00:00
2025-12-19 12:56:11,295 | INFO | Fetched 223 funding rate records
2025-12-19 12:56:11,317 | INFO | Ingestion complete | snapshot=2025-12-19T20:00:00+00:00 | inserted=0
2025-12-19 13:16:58,427 | INFO | Starting ingestion for snapshot_time=2025-12-19T21:00:00+00:00
2025-12-19 13:16:58,845 | INFO | Fetched 223 funding rate records
2025-12-19 13:16:58,888 | INFO | Ingestion complete | snapshot=2025-12-19T21:00:00+00:00 | inserted=223
2025-12-19 13:17:45,058 | INFO | Starting ingestion for snapshot_time=2025-12-19T21:00:00+00:00
2025-12-19 13:17:45,487 | INFO | Fetched 223 funding rate records
2025-12-19 13:17:45,525 | INFO | Ingestion complete | snapshot=2025-12-19T21:00:00+00:00 | inserted=0
2025-12-19 13:18:38,285 | INFO | Starting ingestion for snapshot_time=2025-12-19T21:00:00+00:00
2025-12-19 13:18:38,691 | INFO | Fetched 223 funding rate records
2025-12-19 13:18:38,743 | INFO | Ingestion complete | snapshot=2025-12-19T21:00:00+00:00 | inserted=0
2025-12-19 13:22:57,408 | INFO | Starting ingestion for snapshot_time=2025-12-19T21:00:00+00:00
2025-12-19 13:22:58,003 | INFO | Fetched 223 funding rate records
2025-12-19 13:22:58,045 | INFO | Ingestion complete | snapshot=2025-12-19T21:00:00+00:00 | inserted=0
2025-12-19 13:40:47,061 | INFO | Starting ingestion for snapshot_time=2025-12-19T21:00:00+00:00
2025-12-19 13:40:47,067 | ERROR | API request failed: HTTPSConnectionPool(host='api.hyperliquid.xyz', port=443): Max retries exceeded with url: /info (Caused by NameResolutionError("<urllib3.connection.HTTPSConnection object at 0x1350a56a0>: Failed to resolve 'api.hyperliquid.xyz' ([Errno 8] nodename nor servname provided, or not known)"))
2025-12-19 13:40:47,067 | ERROR | No data fetched from API
2025-12-19 13:59:29,361 | INFO | Starting ingestion for snapshot_time=2025-12-19T21:00:00+00:00
2025-12-19 13:59:29,761 | INFO | Fetched 223 funding rate records
2025-12-19 13:59:29,796 | INFO | Ingestion complete | snapshot=2025-12-19T21:00:00+00:00 | inserted=0
2025-12-19 14:00:16,779 | INFO | Starting ingestion for snapshot_time=2025-12-19T22:00:00+00:00
2025-12-19 14:00:16,981 | INFO | Fetched 223 funding rate records
2025-12-19 14:00:17,026 | INFO | Ingestion complete | snapshot=2025-12-19T22:00:00+00:00 | inserted=223
